<?xml version="1.0" encoding="UTF-8"?>
<!-- Generated by org.testng.reporters.JUnitReportReporter -->
<testsuite skipped="0" hostname="DESKTOP-7PFC2E7" name="Appium.Assignment.SignIn" tests="1" failures="0" timestamp="2020-09-19T15:19:02 IST" time="37.871" errors="0">
  <testcase name="SignInTest" time="37.871" classname="Appium.Assignment.SignIn"/>
  <system-out/>
</testsuite> <!-- Appium.Assignment.SignIn -->
